

        UUUUUUU    CCCCCCCC    SSSSSSS/  FFFFFFFFF  
      UU/    UU/  CC/    CC/     SS/     FF/    FF/ 
     UU/         CCCCCCCC/      SS/     FF/    FF/  
    UU/  UUUU/  CC/ CC\        SS/     FF/    FF/   
   UU/    UU/  CC/   CC\      SS/     FF/    FF/    
   UUUUUUU/   CC/     CC\  SSSSSS/  FFFFFFFFF/      


University of California at San Francisco, DOCK 4.0.1

__________________Job_Information_________________
launch_time                    Sun Oct 27 20:32:06 2024
host_name                      unknown
memory_limit                   -1
working_directory              /Users/guilherme/Documents/001.Conferences/2024_SEEDMOL/008.grid
user_name                      guilherme

________________General_Parameters________________
compute_grids                  yes
grid_spacing                   0.4
output_molecule                no

________________Scoring_Parameters________________
contact_score                  no
energy_score                   yes
energy_cutoff_distance         9999
atom_model                     a
attractive_exponent            6
repulsive_exponent             12
distance_dielectric            yes
dielectric_factor              4
allow_non_integral_charges     yes
bump_filter                    yes
bump_overlap                   0.75

____________________File_Input____________________
receptor_file                  ../006.dockprep/4s0v.rec.charged.mol2
box_file                       4s0v.box.pdb
vdw_definition_file            /Users/guilherme/local/dock6/parameters/vdw_de_novo.defn

____________________File_Output___________________
score_grid_prefix              grid



Reading in coordinates of receptor.
CHARGED RESIDUE PRO                     :    1.000
CHARGED RESIDUE LYS                     :    1.000
CHARGED RESIDUE GLU                     :   -1.000
CHARGED RESIDUE GLU                     :   -1.000
CHARGED RESIDUE LYS                     :    1.000
CHARGED RESIDUE ARG                     :    1.000
CHARGED RESIDUE ASP                     :   -1.000
CHARGED RESIDUE ASP                     :   -1.000
CHARGED RESIDUE GLU                     :   -1.000
CHARGED RESIDUE LYS                     :    1.000
CHARGED RESIDUE ASP                     :   -1.000
CHARGED RESIDUE ARG                     :    1.000
CHARGED RESIDUE LYS                     :    1.000
CHARGED RESIDUE LYS                     :    1.000
CHARGED RESIDUE ARG                     :    1.000
CHARGED RESIDUE ARG                     :    1.000
CHARGED RESIDUE GLU                     :   -1.000
CHARGED RESIDUE LYS                     :    1.000
CHARGED RESIDUE ASP                     :   -1.000
CHARGED RESIDUE GLU                     :   -1.000
CHARGED RESIDUE ARG                     :    1.000
CHARGED RESIDUE GLU                     :   -1.000
CHARGED RESIDUE LYS                     :    1.000
CHARGED RESIDUE ARG                     :    1.000
CHARGED RESIDUE LYS                     :    1.000
CHARGED RESIDUE ARG                     :    1.000
CHARGED RESIDUE ASP                     :   -1.000
CHARGED RESIDUE GLU                     :   -1.000
CHARGED RESIDUE ARG                     :    1.000
CHARGED RESIDUE ASP                     :   -1.000
CHARGED RESIDUE GLU                     :   -1.000
CHARGED RESIDUE ARG                     :    1.000
CHARGED RESIDUE LYS                     :    1.000
CHARGED RESIDUE LYS                     :    1.000
CHARGED RESIDUE LYS                     :    1.000
CHARGED RESIDUE ASP                     :   -1.000
CHARGED RESIDUE GLU                     :   -1.000
CHARGED RESIDUE ARG                     :    1.000
CHARGED RESIDUE ASP                     :   -1.000
CHARGED RESIDUE ARG                     :    1.000
CHARGED RESIDUE LYS                     :    1.000
CHARGED RESIDUE ASP                     :   -1.000
CHARGED RESIDUE LYS                     :    1.000
CHARGED RESIDUE GLU                     :   -1.000
CHARGED RESIDUE LYS                     :    1.000
CHARGED RESIDUE LYS                     :    1.000
CHARGED RESIDUE GLU                     :   -1.000
CHARGED RESIDUE GLU                     :   -1.000
CHARGED RESIDUE ARG                     :    1.000
CHARGED RESIDUE LYS                     :    1.000
CHARGED RESIDUE ASP                     :   -1.000
CHARGED RESIDUE GLU                     :   -1.000
CHARGED RESIDUE GLU                     :   -1.000
CHARGED RESIDUE ARG                     :    1.000
CHARGED RESIDUE GLU                     :   -1.000
CHARGED RESIDUE GLU                     :   -1.000
CHARGED RESIDUE LYS                     :    1.000
CHARGED RESIDUE LYS                     :    1.000
CHARGED RESIDUE GLU                     :   -1.000
CHARGED RESIDUE ARG                     :    1.000
CHARGED RESIDUE GLU                     :   -1.000
CHARGED RESIDUE ARG                     :    1.000
CHARGED RESIDUE GLU                     :   -1.000
CHARGED RESIDUE ASP                     :   -1.000
CHARGED RESIDUE GLU                     :   -1.000
CHARGED RESIDUE GLU                     :   -1.000
CHARGED RESIDUE ARG                     :    1.000
CHARGED RESIDUE ASP                     :   -1.000
CHARGED RESIDUE GLU                     :   -1.000
CHARGED RESIDUE LYS                     :    1.000
CHARGED RESIDUE ASP                     :   -1.000
CHARGED RESIDUE GLU                     :   -1.000
CHARGED RESIDUE LYS                     :    1.000
CHARGED RESIDUE GLU                     :   -1.000
CHARGED RESIDUE ARG                     :    1.000
CHARGED RESIDUE ASP                     :   -1.000
CHARGED RESIDUE LYS                     :    1.000
CHARGED RESIDUE ARG                     :    1.000
CHARGED RESIDUE GLU                     :   -1.000
CHARGED RESIDUE LYS                     :    1.000
CHARGED RESIDUE LYS                     :    1.000
CHARGED RESIDUE ARG                     :    1.000
CHARGED RESIDUE LYS                     :    1.000
CHARGED RESIDUE ARG                     :    1.000
CHARGED RESIDUE ARG                     :    1.000
CHARGED RESIDUE ARG                     :    1.000
CHARGED RESIDUE LYS                     :    1.000
CHARGED RESIDUE ARG                     :    1.000
CHARGED RESIDUE LYS                     :    1.000
CHARGED RESIDUE ARG                     :    1.000
CHARGED RESIDUE GLU                     :   -1.000
CHARGED RESIDUE ASP                     :   -1.000
CHARGED RESIDUE ARG                     :    1.000
CHARGED RESIDUE GLU                     :   -1.000
CHARGED RESIDUE LYS                     :    1.000
CHARGED RESIDUE ARG                     :    1.000
CHARGED RESIDUE GLU                     :   -1.000
CHARGED RESIDUE GLU                     :   -1.000
CHARGED RESIDUE LYS                     :    1.000
CHARGED RESIDUE CYS                     :   -1.000

Total charge on 4s0v.rec.withH.pdb      :   10.000

Reading in grid box information.
Box center of mass                      :   54.175   42.239   68.963
Box dimensions                          :   38.848   32.782   36.865
Number of grid points per side [x y z]  :       99       83       94
Total number of grid points             :   772398

Generating scoring grids.
Percent of protein atoms processed      :        0
Percent of protein atoms processed      :       10
Percent of protein atoms processed      :       20
Percent of protein atoms processed      :       30
Percent of protein atoms processed      :       40
Percent of protein atoms processed      :       50
Percent of protein atoms processed      :       60
Percent of protein atoms processed      :       70
Percent of protein atoms processed      :       80
Percent of protein atoms processed      :       90
Percent of protein atoms processed      :      100
Writing general grid info to grid.bmp
Writing bump grid to grid.bmp
Writing energy grids to grid.nrg
  Writing attractive VDW energy grid
  Writing repulsive VDW energy grid
  Writing electrostatic energy grid

Finished calculation.
